<?xml version="1.0" encoding="UTF-8"?>
<!-- Generated by org.testng.reporters.JUnitReportReporter -->
<testsuite hostname="Afsar-PC" name="com.wd.TestClearTrip" tests="1" failures="0" timestamp="25 Dec 2016 08:31:20 GMT" time="58.426" errors="0">
  <testcase name="HDFC" time="58.426" classname="com.wd.TestClearTrip"/>
</testsuite> <!-- com.wd.TestClearTrip -->
