<?xml version="1.0" encoding="UTF-8"?>
<!-- Generated by org.testng.reporters.JUnitReportReporter -->
<testsuite hostname="Afsar-PC" name="comwd.JenkinTest" tests="1" failures="0" timestamp="25 Dec 2016 08:48:29 GMT" time="21.634" errors="0">
  <testcase name="HDFCBank" time="21.634" classname="comwd.JenkinTest"/>
</testsuite> <!-- comwd.JenkinTest -->
